<?xml version="1.0" encoding="UTF-8"?>
<testsuite name="com.software.challenge.MapValidationTest" tests="2" skipped="0" failures="0" errors="0" timestamp="2022-03-25T23:17:35" hostname="josip-dev" time="0.052">
  <properties/>
  <testcase name="validASCIIMap()" classname="com.software.challenge.MapValidationTest" time="0.046"/>
  <testcase name="shouldPrintableASCIIMap()" classname="com.software.challenge.MapValidationTest" time="0.003"/>
  <system-out><![CDATA[]]></system-out>
  <system-err><![CDATA[]]></system-err>
</testsuite>
