<?xml version="1.0" encoding="UTF-8"?>
<testsuite name="com.software.challenge.MapValidationTest" tests="2" skipped="0" failures="0" errors="0" timestamp="2022-03-25T23:57:03" hostname="josip-dev" time="0.004">
  <properties/>
  <testcase name="validASCIIMap()" classname="com.software.challenge.MapValidationTest" time="0.001"/>
  <testcase name="shouldPrintableASCIIMap()" classname="com.software.challenge.MapValidationTest" time="0.001"/>
  <system-out><![CDATA[]]></system-out>
  <system-err><![CDATA[]]></system-err>
</testsuite>
